<?xml version="1.0" encoding="UTF-8"?>
<!-- Generated by org.testng.reporters.JUnitReportReporter -->
<testsuite hostname="LAPTOP-4394Q7SE" failures="0" tests="4" name="DAY1.BMAAM" time="0.011" errors="0" timestamp="2023-05-25T14:15:53 IST" skipped="0">
  <testcase classname="DAY1.BMAAM" name="Tandu" time="0.003"/>
  <system-out/>
  <testcase classname="DAY1.BMAAM" name="customerdetails" time="0.005"/>
  <system-out/>
  <testcase classname="DAY1.BMAAM" name="paymentdetails" time="0.001"/>
  <system-out/>
  <testcase classname="DAY1.BMAAM" name="feedback" time="0.002"/>
  <system-out/>
</testsuite> <!-- DAY1.BMAAM -->
