<?xml version="1.0" encoding="UTF-8"?>
<!-- Generated by org.testng.reporters.JUnitReportReporter -->
<testsuite hostname="LAPTOP-4394Q7SE" failures="0" tests="5" name="DAY1.PROGRAM1" time="0.013" errors="0" timestamp="2023-05-24T15:07:30 IST" skipped="2">
  <testcase classname="DAY1.PROGRAM1" name="login" time="0.010"/>
  <system-out/>
  <testcase classname="DAY1.PROGRAM1" name="delivery_process" time="0.002"/>
  <system-out/>
  <testcase classname="DAY1.PROGRAM1" name="logout" time="0.001"/>
  <system-out/>
  <testcase classname="DAY1.PROGRAM1" name="payment_details">
    <skipped/>
  </testcase> <!-- payment_details -->
  <system-out/>
  <testcase classname="DAY1.PROGRAM1" name="product_details">
    <skipped/>
  </testcase> <!-- product_details -->
  <system-out/>
</testsuite> <!-- DAY1.PROGRAM1 -->
