<?xml version="1.0" encoding="UTF-8"?>
<!-- Generated by org.testng.reporters.JUnitReportReporter -->
<testsuite hostname="LAPTOP-4394Q7SE" failures="0" tests="7" name="DAY1.Orange_Hrm" time="14.036" errors="0" timestamp="2023-05-24T15:29:39 IST" skipped="0">
  <testcase classname="DAY1.Orange_Hrm" name="Opening_browser" time="1.757"/>
  <system-out/>
  <testcase classname="DAY1.Orange_Hrm" name="Navigate" time="7.105"/>
  <system-out/>
  <testcase classname="DAY1.Orange_Hrm" name="title" time="0.011"/>
  <system-out/>
  <testcase classname="DAY1.Orange_Hrm" name="url" time="0.010"/>
  <system-out/>
  <testcase classname="DAY1.Orange_Hrm" name="Usercredentials" time="1.210"/>
  <system-out/>
  <testcase classname="DAY1.Orange_Hrm" name="screenshot" time="0.260"/>
  <system-out/>
  <testcase classname="DAY1.Orange_Hrm" name="close" time="3.683"/>
  <system-out/>
</testsuite> <!-- DAY1.Orange_Hrm -->
