<?xml version="1.0" encoding="UTF-8"?>
<!-- Generated by org.testng.reporters.JUnitReportReporter -->
<testsuite hostname="LAPTOP-4394Q7SE" failures="0" tests="1" name="testing.Dp1" time="38.719" errors="0" timestamp="2023-05-29T10:06:37 IST" skipped="0">
  <testcase classname="testing.Dp1" name="f" time="38.719"/>
  <system-out/>
</testsuite> <!-- testing.Dp1 -->
