<?xml version="1.0" encoding="UTF-8"?>
<!-- Generated by org.testng.reporters.JUnitReportReporter -->
<testsuite hostname="LAPTOP-4394Q7SE" failures="0" tests="6" name="DAY1.Newtours" time="2.727" errors="0" timestamp="2023-05-26T08:31:59 IST" skipped="0">
  <testcase classname="DAY1.Newtours" name="Url" time="0.012"/>
  <system-out/>
  <testcase classname="DAY1.Newtours" name="Title" time="0.009"/>
  <system-out/>
  <testcase classname="DAY1.Newtours" name="Title" time="0.006"/>
  <system-out/>
  <testcase classname="DAY1.Newtours" name="Title" time="0.007"/>
  <system-out/>
  <testcase classname="DAY1.Newtours" name="Dropdown" time="2.532"/>
  <system-out/>
  <testcase classname="DAY1.Newtours" name="Screenshot" time="0.161"/>
  <system-out/>
</testsuite> <!-- DAY1.Newtours -->
