<?xml version="1.0" encoding="UTF-8"?>
<!-- Generated by org.testng.reporters.JUnitReportReporter -->
<testsuite hostname="LAPTOP-4394Q7SE" failures="0" tests="1" name="DAY1.program2" time="0.001" errors="0" timestamp="2023-05-24T15:07:30 IST" skipped="0">
  <testcase classname="DAY1.program2" name="login1" time="0.001"/>
  <system-out/>
</testsuite> <!-- DAY1.program2 -->
