<?xml version="1.0" encoding="UTF-8"?>
<!-- Generated by org.testng.reporters.JUnitReportReporter -->
<testsuite hostname="LAPTOP-4394Q7SE" failures="0" tests="1" name="DAY1.TestNgClass1" time="0.007" errors="0" timestamp="2023-05-25T21:24:51 IST" skipped="0">
  <testcase classname="DAY1.TestNgClass1" name="test" time="0.007"/>
  <system-out/>
</testsuite> <!-- DAY1.TestNgClass1 -->
