<?xml version="1.0" encoding="UTF-8"?>
<!-- Generated by org.testng.reporters.JUnitReportReporter -->
<testsuite hostname="LAPTOP-4394Q7SE" failures="0" tests="2" name="DAY1.annatations$testngAnnotations" time="0.017" errors="0" timestamp="2023-05-25T14:01:39 IST" skipped="0">
  <testcase classname="DAY1.annatations$testngAnnotations" name="testCase2" time="0.004"/>
  <system-out/>
  <testcase classname="DAY1.annatations$testngAnnotations" name="testCase1" time="0.013"/>
  <system-out/>
</testsuite> <!-- DAY1.annatations$testngAnnotations -->
