<?xml version="1.0" encoding="UTF-8"?>
<!-- Generated by org.testng.reporters.JUnitReportReporter -->
<testsuite hostname="LAPTOP-4394Q7SE" failures="0" tests="2" name="Alert_Meeages.reading" time="19.230" errors="0" timestamp="29 May 2023 09:47:09 GMT">
  <testcase classname="Alert_Meeages.reading" name="Student" time="9.359"/>
  <testcase classname="Alert_Meeages.reading" name="Student" time="9.871"/>
</testsuite> <!-- Alert_Meeages.reading -->
