<?xml version="1.0" encoding="UTF-8"?>
<!-- Generated by org.testng.reporters.JUnitReportReporter -->
<testsuite hostname="LAPTOP-4394Q7SE" failures="0" tests="5" name="TestN123.test3" time="0.012" errors="0" timestamp="2023-05-26T14:15:07 IST" skipped="0">
  <testcase classname="TestN123.test3" name="FirstText" time="0.007"/>
  <system-out/>
  <testcase classname="TestN123.test3" name="secondTest" time="0.001"/>
  <system-out/>
  <testcase classname="TestN123.test3" name="thirdtest" time="0.001"/>
  <system-out/>
  <testcase classname="TestN123.test3" name="fourthtest" time="0.003"/>
  <system-out/>
  <testcase classname="TestN123.test3" name="fifthtest" time="0.000"/>
  <system-out/>
</testsuite> <!-- TestN123.test3 -->
