<?xml version="1.0" encoding="UTF-8"?>
<!-- Generated by org.testng.reporters.JUnitReportReporter -->
<testsuite hostname="LAPTOP-4394Q7SE" failures="0" tests="6" name="TestN123.OrangeHrmpage" time="1.780" errors="0" timestamp="2023-05-29T06:44:33 IST" skipped="0">
  <testcase classname="TestN123.OrangeHrmpage" name="title" time="0.017"/>
  <system-out/>
  <testcase classname="TestN123.OrangeHrmpage" name="url" time="0.012"/>
  <system-out/>
  <testcase classname="TestN123.OrangeHrmpage" name="url" time="0.008"/>
  <system-out/>
  <testcase classname="TestN123.OrangeHrmpage" name="url" time="0.011"/>
  <system-out/>
  <testcase classname="TestN123.OrangeHrmpage" name="url" time="0.008"/>
  <system-out/>
  <testcase classname="TestN123.OrangeHrmpage" name="usercredentials" time="1.724"/>
  <system-out/>
</testsuite> <!-- TestN123.OrangeHrmpage -->
