<?xml version="1.0" encoding="UTF-8"?>
<!-- Generated by org.testng.reporters.JUnitReportReporter -->
<testsuite hostname="LAPTOP-4394Q7SE" failures="0" tests="2" name="org.Newtours.Login.Loginwindow" time="0.004" errors="0" timestamp="2023-05-26T10:30:45 IST" skipped="0">
  <testcase classname="org.Newtours.Login.Loginwindow" name="customerdetails" time="0.003"/>
  <system-out/>
  <testcase classname="org.Newtours.Login.Loginwindow" name="productDetails" time="0.001"/>
  <system-out/>
</testsuite> <!-- org.Newtours.Login.Loginwindow -->
