<?xml version="1.0" encoding="UTF-8"?>
<!-- Generated by org.testng.reporters.JUnitReportReporter -->
<testsuite hostname="LAPTOP-4394Q7SE" failures="0" tests="1" name="org.Newtours.Register.login3" time="0.002" errors="0" timestamp="2023-05-26T09:26:45 IST" skipped="0">
  <testcase classname="org.Newtours.Register.login3" name="welcome" time="0.002"/>
  <system-out/>
</testsuite> <!-- org.Newtours.Register.login3 -->
