<?xml version="1.0" encoding="UTF-8"?>
<!-- Generated by org.testng.reporters.JUnitReportReporter -->
<testsuite hostname="LAPTOP-4394Q7SE" failures="0" tests="2" name="org.Newtours.Login.Login2" time="0.008" errors="0" timestamp="2023-05-26T09:26:45 IST" skipped="0">
  <testcase classname="org.Newtours.Login.Login2" name="login" time="0.007"/>
  <system-out/>
  <testcase classname="org.Newtours.Login.Login2" name="logout" time="0.001"/>
  <system-out/>
</testsuite> <!-- org.Newtours.Login.Login2 -->
